
--------------------------------------------------
TXLib соболезнует...

Программа: C:\Users\kiran\Documents\projects\Stack_ded2023\main.exe, файл: C:\Users\kiran\Documents\projects\Stack_ded2023\main.cpp, строка: 225, функция: void stack_check_status(Stack*),

Сообщение: ВНЕЗАПНО: Логическая ошибка: Неверно, что "0".

#1: TXLib [Ver: 00173a, Rev: 172, Date: 2023-08-12 11:12:24 +0400], Instance: 0x005052FC (32-bit), Flags: Cmdre0, Thread: 0x1010 (Main), GetLastError(): 87 (Параметр задан неверно), errno: 22 (Invalid argument). 

--------------------------------------------------
Стек вызовов:

# 0 0x0042C4ED in C:\Users\kiran\Documents\projects\Stack_ded2023\main.exe: stack_check_status() at C:/Users/kiran/Documents/projects/Stack_ded2023/main.cpp (225):

    223:     stack_dtor(stk);
    224: 
=>  225:     assert(0);
    226: }
    227: 

# 1 0x0042C374 in C:\Users\kiran\Documents\projects\Stack_ded2023\main.exe: stack_verif() at C:/Users/kiran/Documents/projects/Stack_ded2023/main.cpp (202):

    200: 
    201:     if (stk->status != 0)
=>  202:         stack_check_status(stk);
    203: 
    204:     return OK;

# 2 0x0042C0A2 in C:\Users\kiran\Documents\projects\Stack_ded2023\main.exe: stack_realloc_decrease() at C:/Users/kiran/Documents/projects/Stack_ded2023/main.cpp (133):

    131: Stack_Errors stack_realloc_decrease(Stack* stk)
    132: {
=>  133:     stack_verif(stk);
    134:     printf("stack_realloc_decrease happened!\n");
    135: 

# 3 0x0042C253 in C:\Users\kiran\Documents\projects\Stack_ded2023\main.exe: pop() at C:/Users/kiran/Documents/projects/Stack_ded2023/main.cpp (182):

    180: 
    181:     if (stk->cur_size <= stk->capacity/4)
=>  182:         stack_realloc_decrease(stk);
    183: 
    184:     printf("stack_pop happened!\n");

# 4 0x0042BE53 in C:\Users\kiran\Documents\projects\Stack_ded2023\main.exe: main() at C:/Users/kiran/Documents/projects/Stack_ded2023/main.cpp (72):

     70: 
     71:     pop(&stk, &val);
=>   72:     pop(&stk, &val);
     73:     pop(&stk, &val);
     74: 

--------------------------------------------------
Developed with:

The Dumb Artist Library (TX Library)
TXLib [Ver: 00173a, Rev: 172, Date: 2023-08-12 11:12:24 +0400]
Copyright (C) Ded (Ilya Dedinsky, http://txlib.ru) <mail@txlib.ru>
See license on: http://txlib.ru

TXLib file:	c:\program files\codeblocks\mingw\include\txlib.h
Compiled:	Sep 30 2023 22:18:09, GNU g++ 4.8.1, std=201103L, MinGW Runtime 3.20, 32-bit, DEBUG
Started:	Sep 30 2023 22:18:19

Run file:	C:\Users\kiran\Documents\projects\Stack_ded2023\main.exe
Directory:	C:\Users\kiran\Documents\projects\Stack_ded2023

--------------------------------------------------

--------------------------------------------------
TXLib соболезнует...

Программа: C:\Users\kiran\Documents\projects\Stack_ded2023\main.exe,

ВНЕЗАПНО: signal (22, 0x00): SIGABRT: Аварийное завершение программы, вызвана функция abort(). 

С помощью функции signal() вы можете сами обработать эту ошибку.

#1: TXLib [Ver: 00173a, Rev: 172, Date: 2023-08-12 11:12:24 +0400], Instance: 0x005052FC (32-bit), Flags: Cmdre0, Thread: 0x4030 (Main), GetLastError(): 87 (Параметр задан неверно), errno: 22 (Invalid argument). 

--------------------------------------------------
Стек вызовов:

# 0 0x004112F4 in C:\Users\kiran\Documents\projects\Stack_ded2023\main.exe: _txOnSignal() at c:/program files/codeblocks/mingw/include/txlib.h (11006)
# 1 0x75EA8553 in C:\Windows\System32\msvcrt.dll: raise()
# 2 0x75EACA3B in C:\Windows\System32\msvcrt.dll: abort()

# 3 0x0042C4BE in C:\Users\kiran\Documents\projects\Stack_ded2023\main.exe: stack_check_status() at C:/Users/kiran/Documents/projects/Stack_ded2023/main.cpp (225):

    223:     stack_dtor(stk);
    224: 
=>  225:     abort();
    226: }
    227: 

# 4 0x0042C374 in C:\Users\kiran\Documents\projects\Stack_ded2023\main.exe: stack_verif() at C:/Users/kiran/Documents/projects/Stack_ded2023/main.cpp (202):

    200: 
    201:     if (stk->status != 0)
=>  202:         stack_check_status(stk);
    203: 
    204:     return OK;

# 5 0x0042C0A2 in C:\Users\kiran\Documents\projects\Stack_ded2023\main.exe: stack_realloc_decrease() at C:/Users/kiran/Documents/projects/Stack_ded2023/main.cpp (133):

    131: Stack_Errors stack_realloc_decrease(Stack* stk)
    132: {
=>  133:     stack_verif(stk);
    134:     printf("stack_realloc_decrease happened!\n");
    135: 

# 6 0x0042C253 in C:\Users\kiran\Documents\projects\Stack_ded2023\main.exe: pop() at C:/Users/kiran/Documents/projects/Stack_ded2023/main.cpp (182):

    180: 
    181:     if (stk->cur_size <= stk->capacity/4)
=>  182:         stack_realloc_decrease(stk);
    183: 
    184:     printf("stack_pop happened!\n");

# 7 0x0042BE53 in C:\Users\kiran\Documents\projects\Stack_ded2023\main.exe: main() at C:/Users/kiran/Documents/projects/Stack_ded2023/main.cpp (72):

     70: 
     71:     pop(&stk, &val);
=>   72:     pop(&stk, &val);
     73:     pop(&stk, &val);
     74: 

--------------------------------------------------
Developed with:

The Dumb Artist Library (TX Library)
TXLib [Ver: 00173a, Rev: 172, Date: 2023-08-12 11:12:24 +0400]
Copyright (C) Ded (Ilya Dedinsky, http://txlib.ru) <mail@txlib.ru>
See license on: http://txlib.ru

TXLib file:	c:\program files\codeblocks\mingw\include\txlib.h
Compiled:	Sep 30 2023 22:19:06, GNU g++ 4.8.1, std=201103L, MinGW Runtime 3.20, 32-bit, DEBUG
Started:	Sep 30 2023 22:19:16

Run file:	C:\Users\kiran\Documents\projects\Stack_ded2023\main.exe
Directory:	C:\Users\kiran\Documents\projects\Stack_ded2023

--------------------------------------------------

--------------------------------------------------
TXLib соболезнует...

Программа: C:\Users\kiran\Documents\projects\Stack_ded2023\main.exe,

ВНЕЗАПНО: signal (22, 0x00): SIGABRT: Аварийное завершение программы, вызвана функция abort(). 

С помощью функции signal() вы можете сами обработать эту ошибку.

#1: TXLib [Ver: 00173a, Rev: 172, Date: 2023-08-12 11:12:24 +0400], Instance: 0x005052FC (32-bit), Flags: Cmdre0, Thread: 0x130C (Main). 

--------------------------------------------------
Стек вызовов:

# 0 0x004112F4 in C:\Users\kiran\Documents\projects\Stack_ded2023\main.exe: _txOnSignal() at c:/program files/codeblocks/mingw/include/txlib.h (11006)
# 1 0x75EA8553 in C:\Windows\System32\msvcrt.dll: raise()
# 2 0x75EACA3B in C:\Windows\System32\msvcrt.dll: abort()

# 3 0x0042C382 in C:\Users\kiran\Documents\projects\Stack_ded2023\main.exe: stack_check_status() at C:/Users/kiran/Documents/projects/Stack_ded2023/main.cpp (227):

    225:     stack_dtor(stk);
    226: 
=>  227:     abort();
    228: }
    229: 

# 4 0x0042C238 in C:\Users\kiran\Documents\projects\Stack_ded2023\main.exe: stack_verif() at C:/Users/kiran/Documents/projects/Stack_ded2023/main.cpp (204):

    202: 
    203:     if (stk->status != 0)
=>  204:         stack_check_status(stk);
    205: 
    206:     return OK;

# 5 0x0042BE18 in C:\Users\kiran\Documents\projects\Stack_ded2023\main.exe: stack_ctor() at C:/Users/kiran/Documents/projects/Stack_ded2023/main.cpp (98):

     96: 
     97:     printf("stack_ctor happened!\n");
=>   98:     stack_verif(stk);
     99: 
    100:     return OK;

# 6 0x0042BD0F in C:\Users\kiran\Documents\projects\Stack_ded2023\main.exe: main() at C:/Users/kiran/Documents/projects/Stack_ded2023/main.cpp (53):

     51: {
     52:     Stack stk = {};
=>   53:     STACK_CTOR(&stk);
     54: 
     55:     /*STACK_DUMP(&stk);

--------------------------------------------------
Developed with:

The Dumb Artist Library (TX Library)
TXLib [Ver: 00173a, Rev: 172, Date: 2023-08-12 11:12:24 +0400]
Copyright (C) Ded (Ilya Dedinsky, http://txlib.ru) <mail@txlib.ru>
See license on: http://txlib.ru

TXLib file:	c:\program files\codeblocks\mingw\include\txlib.h
Compiled:	Sep 30 2023 22:38:49, GNU g++ 4.8.1, std=201103L, MinGW Runtime 3.20, 32-bit, DEBUG
Started:	Sep 30 2023 22:38:59

Run file:	C:\Users\kiran\Documents\projects\Stack_ded2023\main.exe
Directory:	C:\Users\kiran\Documents\projects\Stack_ded2023

--------------------------------------------------

--------------------------------------------------
TXLib соболезнует...

Программа: C:\Users\kiran\Documents\projects\Stack_ded2023\main.exe,

ВНЕЗАПНО: signal (22, 0x00): SIGABRT: Аварийное завершение программы, вызвана функция abort(). 

С помощью функции signal() вы можете сами обработать эту ошибку.

#1: TXLib [Ver: 00173a, Rev: 172, Date: 2023-08-12 11:12:24 +0400], Instance: 0x005052FC (32-bit), Flags: Cmdre0, Thread: 0x3894 (Main), GetLastError(): 87 (Параметр задан неверно), errno: 22 (Invalid argument). 

--------------------------------------------------
Стек вызовов:

# 0 0x004112F4 in C:\Users\kiran\Documents\projects\Stack_ded2023\main.exe: _txOnSignal() at c:/program files/codeblocks/mingw/include/txlib.h (11006)
# 1 0x75EA8553 in C:\Windows\System32\msvcrt.dll: raise()
# 2 0x75EACA3B in C:\Windows\System32\msvcrt.dll: abort()

# 3 0x0042C4D0 in C:\Users\kiran\Documents\projects\Stack_ded2023\main.exe: stack_check_status() at C:/Users/kiran/Documents/projects/Stack_ded2023/main.cpp (229):

    227:     stack_dtor(stk);
    228: 
=>  229:     abort();
    230: }
    231: 

# 4 0x0042C386 in C:\Users\kiran\Documents\projects\Stack_ded2023\main.exe: stack_verif() at C:/Users/kiran/Documents/projects/Stack_ded2023/main.cpp (205):

    203: 
    204:     if (stk->status != 0)
=>  205:         stack_check_status(stk);
    206: 
    207:     return OK;

# 5 0x0042C0B7 in C:\Users\kiran\Documents\projects\Stack_ded2023\main.exe: stack_realloc_decrease() at C:/Users/kiran/Documents/projects/Stack_ded2023/main.cpp (136):

    134: Stack_Errors stack_realloc_decrease(Stack* stk)
    135: {
=>  136:     stack_verif(stk);
    137:     printf("stack_realloc_decrease happened!\n");
    138: 

# 6 0x0042C265 in C:\Users\kiran\Documents\projects\Stack_ded2023\main.exe: pop() at C:/Users/kiran/Documents/projects/Stack_ded2023/main.cpp (185):

    183: 
    184:     if (stk->cur_size <= stk->capacity/4)
=>  185:         stack_realloc_decrease(stk);
    186: 
    187:     printf("stack_pop happened!\n");

# 7 0x0042BE53 in C:\Users\kiran\Documents\projects\Stack_ded2023\main.exe: main() at C:/Users/kiran/Documents/projects/Stack_ded2023/main.cpp (74):

     72: 
     73:     pop(&stk, &val);
=>   74:     pop(&stk, &val);
     75:     pop(&stk, &val);
     76: 

--------------------------------------------------
Developed with:

The Dumb Artist Library (TX Library)
TXLib [Ver: 00173a, Rev: 172, Date: 2023-08-12 11:12:24 +0400]
Copyright (C) Ded (Ilya Dedinsky, http://txlib.ru) <mail@txlib.ru>
See license on: http://txlib.ru

TXLib file:	c:\program files\codeblocks\mingw\include\txlib.h
Compiled:	Sep 30 2023 22:49:14, GNU g++ 4.8.1, std=201103L, MinGW Runtime 3.20, 32-bit, DEBUG
Started:	Sep 30 2023 22:49:24

Run file:	C:\Users\kiran\Documents\projects\Stack_ded2023\main.exe
Directory:	C:\Users\kiran\Documents\projects\Stack_ded2023

--------------------------------------------------

--------------------------------------------------
TXLib соболезнует...

Программа: C:\Users\kiran\Documents\projects\Stack_ded2023\main.exe,

ВНЕЗАПНО: signal (22, 0x00): SIGABRT: Аварийное завершение программы, вызвана функция abort(). 

С помощью функции signal() вы можете сами обработать эту ошибку.

#1: TXLib [Ver: 00173a, Rev: 172, Date: 2023-08-12 11:12:24 +0400], Instance: 0x005052FC (32-bit), Flags: Cmdre0, Thread: 0x4404 (Main). 

--------------------------------------------------
Стек вызовов:

# 0 0x004112F4 in C:\Users\kiran\Documents\projects\Stack_ded2023\main.exe: _txOnSignal() at c:/program files/codeblocks/mingw/include/txlib.h (11006)
# 1 0x75EA8553 in C:\Windows\System32\msvcrt.dll: raise()
# 2 0x75EACA3B in C:\Windows\System32\msvcrt.dll: abort()

# 3 0x0042C506 in C:\Users\kiran\Documents\projects\Stack_ded2023\main.exe: stack_check_status() at C:/Users/kiran/Documents/projects/Stack_ded2023/main.cpp (234):

    232:     stack_dtor(stk);
    233: 
=>  234:     abort();
    235: }
    236: 

# 4 0x0042C3A1 in C:\Users\kiran\Documents\projects\Stack_ded2023\main.exe: stack_verif() at C:/Users/kiran/Documents/projects/Stack_ded2023/main.cpp (209):

    207: 
    208:     if (stk->status != 0)
=>  209:         stack_check_status(stk);
    210: 
    211:     return OK;

# 5 0x0042C212 in C:\Users\kiran\Documents\projects\Stack_ded2023\main.exe: pop() at C:/Users/kiran/Documents/projects/Stack_ded2023/main.cpp (182):

    180:         stk->status |= IMPOSSIBLE_ACTION;
    181: 
=>  182:     stack_verif(stk);
    183: 
    184:     *rtrn_value = stk->data[stk->cur_size-1];

# 6 0x0042BE53 in C:\Users\kiran\Documents\projects\Stack_ded2023\main.exe: main() at C:/Users/kiran/Documents/projects/Stack_ded2023/main.cpp (75):

     73: 
     74:     pop(&stk, &val);
=>   75:     pop(&stk, &val);
     76:     pop(&stk, &val);
     77: 

--------------------------------------------------
Developed with:

The Dumb Artist Library (TX Library)
TXLib [Ver: 00173a, Rev: 172, Date: 2023-08-12 11:12:24 +0400]
Copyright (C) Ded (Ilya Dedinsky, http://txlib.ru) <mail@txlib.ru>
See license on: http://txlib.ru

TXLib file:	c:\program files\codeblocks\mingw\include\txlib.h
Compiled:	Sep 30 2023 22:55:52, GNU g++ 4.8.1, std=201103L, MinGW Runtime 3.20, 32-bit, DEBUG
Started:	Sep 30 2023 22:56:02

Run file:	C:\Users\kiran\Documents\projects\Stack_ded2023\main.exe
Directory:	C:\Users\kiran\Documents\projects\Stack_ded2023

--------------------------------------------------

--------------------------------------------------
TXLib соболезнует...

Программа: C:\Users\kiran\Documents\projects\Stack_ded2023\main.exe,

ВНЕЗАПНО: signal (22, 0x00): SIGABRT: Аварийное завершение программы, вызвана функция abort(). 

С помощью функции signal() вы можете сами обработать эту ошибку.

#1: TXLib [Ver: 00173a, Rev: 172, Date: 2023-08-12 11:12:24 +0400], Instance: 0x005052FC (32-bit), Flags: Cmdre0, Thread: 0x49D8 (Main). 

--------------------------------------------------
Стек вызовов:

# 0 0x004112F4 in C:\Users\kiran\Documents\projects\Stack_ded2023\main.exe: _txOnSignal() at c:/program files/codeblocks/mingw/include/txlib.h (11006)
# 1 0x75EA8553 in C:\Windows\System32\msvcrt.dll: raise()
# 2 0x75EACA3B in C:\Windows\System32\msvcrt.dll: abort()

# 3 0x0042C506 in C:\Users\kiran\Documents\projects\Stack_ded2023\main.exe: stack_check_status() at C:/Users/kiran/Documents/projects/Stack_ded2023/main.cpp (234):

    232:     stack_dtor(stk);
    233: 
=>  234:     abort();
    235: }
    236: 

# 4 0x0042C3A1 in C:\Users\kiran\Documents\projects\Stack_ded2023\main.exe: stack_verif() at C:/Users/kiran/Documents/projects/Stack_ded2023/main.cpp (209):

    207: 
    208:     if (stk->status != 0)
=>  209:         stack_check_status(stk);
    210: 
    211:     return OK;

# 5 0x0042C212 in C:\Users\kiran\Documents\projects\Stack_ded2023\main.exe: pop() at C:/Users/kiran/Documents/projects/Stack_ded2023/main.cpp (182):

    180:         stk->status |= IMPOSSIBLE_ACTION;
    181: 
=>  182:     stack_verif(stk);
    183: 
    184:     *rtrn_value = stk->data[stk->cur_size-1];

# 6 0x0042BE53 in C:\Users\kiran\Documents\projects\Stack_ded2023\main.exe: main() at C:/Users/kiran/Documents/projects/Stack_ded2023/main.cpp (75):

     73: 
     74:     pop(&stk, &val);
=>   75:     pop(&stk, &val);
     76:     pop(&stk, &val);
     77: 

--------------------------------------------------
Developed with:

The Dumb Artist Library (TX Library)
TXLib [Ver: 00173a, Rev: 172, Date: 2023-08-12 11:12:24 +0400]
Copyright (C) Ded (Ilya Dedinsky, http://txlib.ru) <mail@txlib.ru>
See license on: http://txlib.ru

TXLib file:	c:\program files\codeblocks\mingw\include\txlib.h
Compiled:	Sep 30 2023 22:58:01, GNU g++ 4.8.1, std=201103L, MinGW Runtime 3.20, 32-bit, DEBUG
Started:	Sep 30 2023 22:58:11

Run file:	C:\Users\kiran\Documents\projects\Stack_ded2023\main.exe
Directory:	C:\Users\kiran\Documents\projects\Stack_ded2023

--------------------------------------------------

--------------------------------------------------
TXLib соболезнует...

Программа: C:\Users\kiran\Documents\projects\Stack_ded2023\main.exe,

ВНЕЗАПНО: signal (22, 0x00): SIGABRT: Аварийное завершение программы, вызвана функция abort(). 

С помощью функции signal() вы можете сами обработать эту ошибку.

#1: TXLib [Ver: 00173a, Rev: 172, Date: 2023-08-12 11:12:24 +0400], Instance: 0x005052FC (32-bit), Flags: Cmdre0, Thread: 0x390 (Main). 

--------------------------------------------------
Стек вызовов:

# 0 0x004112F4 in C:\Users\kiran\Documents\projects\Stack_ded2023\main.exe: _txOnSignal() at c:/program files/codeblocks/mingw/include/txlib.h (11006)
# 1 0x75EA8553 in C:\Windows\System32\msvcrt.dll: raise()
# 2 0x75EACA3B in C:\Windows\System32\msvcrt.dll: abort()

# 3 0x0042C506 in C:\Users\kiran\Documents\projects\Stack_ded2023\main.exe: stack_check_status() at C:/Users/kiran/Documents/projects/Stack_ded2023/main.cpp (234):

    232:     stack_dtor(stk);
    233: 
=>  234:     abort();
    235: }
    236: 

# 4 0x0042C3A1 in C:\Users\kiran\Documents\projects\Stack_ded2023\main.exe: stack_verif() at C:/Users/kiran/Documents/projects/Stack_ded2023/main.cpp (209):

    207: 
    208:     if (stk->status != 0)
=>  209:         stack_check_status(stk);
    210: 
    211:     return OK;

# 5 0x0042C212 in C:\Users\kiran\Documents\projects\Stack_ded2023\main.exe: pop() at C:/Users/kiran/Documents/projects/Stack_ded2023/main.cpp (182):

    180:         stk->status |= IMPOSSIBLE_ACTION;
    181: 
=>  182:     stack_verif(stk);
    183: 
    184:     *rtrn_value = stk->data[stk->cur_size-1];

# 6 0x0042BE53 in C:\Users\kiran\Documents\projects\Stack_ded2023\main.exe: main() at C:/Users/kiran/Documents/projects/Stack_ded2023/main.cpp (75):

     73: 
     74:     pop(&stk, &val);
=>   75:     pop(&stk, &val);
     76:     pop(&stk, &val);
     77: 

--------------------------------------------------
Developed with:

The Dumb Artist Library (TX Library)
TXLib [Ver: 00173a, Rev: 172, Date: 2023-08-12 11:12:24 +0400]
Copyright (C) Ded (Ilya Dedinsky, http://txlib.ru) <mail@txlib.ru>
See license on: http://txlib.ru

TXLib file:	c:\program files\codeblocks\mingw\include\txlib.h
Compiled:	Sep 30 2023 23:05:07, GNU g++ 4.8.1, std=201103L, MinGW Runtime 3.20, 32-bit, DEBUG
Started:	Sep 30 2023 23:05:19

Run file:	C:\Users\kiran\Documents\projects\Stack_ded2023\main.exe
Directory:	C:\Users\kiran\Documents\projects\Stack_ded2023

--------------------------------------------------

--------------------------------------------------
TXLib соболезнует...

Программа: C:\Users\kiran\Documents\projects\Stack_ded2023\main.exe,

ВНЕЗАПНО: signal (22, 0x00): SIGABRT: Аварийное завершение программы, вызвана функция abort(). 

С помощью функции signal() вы можете сами обработать эту ошибку.

#1: TXLib [Ver: 00173a, Rev: 172, Date: 2023-08-12 11:12:24 +0400], Instance: 0x005062FC (32-bit), Flags: Cmdre0, Thread: 0x47EC (Main). 

--------------------------------------------------
Стек вызовов:

# 0 0x004112F4 in C:\Users\kiran\Documents\projects\Stack_ded2023\main.exe: _txOnSignal() at c:/program files/codeblocks/mingw/include/txlib.h (11006)
# 1 0x75EA8553 in C:\Windows\System32\msvcrt.dll: raise()
# 2 0x75EACA3B in C:\Windows\System32\msvcrt.dll: abort()

# 3 0x0042C63E in C:\Users\kiran\Documents\projects\Stack_ded2023\main.exe: stack_check_status() at C:/Users/kiran/Documents/projects/Stack_ded2023/main.cpp (235):

    233:     stack_dtor(stk);
    234: 
=>  235:     abort();
    236: }
    237: 

# 4 0x0042C4DD in C:\Users\kiran\Documents\projects\Stack_ded2023\main.exe: stack_verif() at C:/Users/kiran/Documents/projects/Stack_ded2023/main.cpp (210):

    208: 
    209:     if (stk->status != 0)
=>  210:         stack_check_status(stk, name, line, file, func);
    211: 
    212:     return OK;

# 5 0x0042C332 in C:\Users\kiran\Documents\projects\Stack_ded2023\main.exe: pop() at C:/Users/kiran/Documents/projects/Stack_ded2023/main.cpp (183):

    181:         stk->status |= IMPOSSIBLE_ACTION;
    182: 
=>  183:     STACK_VERIF(stk);
    184: 
    185:     *rtrn_value = stk->data[stk->cur_size-1];

# 6 0x0042BE53 in C:\Users\kiran\Documents\projects\Stack_ded2023\main.exe: main() at C:/Users/kiran/Documents/projects/Stack_ded2023/main.cpp (76):

     74: 
     75:     pop(&stk, &val);
=>   76:     pop(&stk, &val);
     77:     pop(&stk, &val);
     78: 

--------------------------------------------------
Developed with:

The Dumb Artist Library (TX Library)
TXLib [Ver: 00173a, Rev: 172, Date: 2023-08-12 11:12:24 +0400]
Copyright (C) Ded (Ilya Dedinsky, http://txlib.ru) <mail@txlib.ru>
See license on: http://txlib.ru

TXLib file:	c:\program files\codeblocks\mingw\include\txlib.h
Compiled:	Sep 30 2023 23:12:07, GNU g++ 4.8.1, std=201103L, MinGW Runtime 3.20, 32-bit, DEBUG
Started:	Sep 30 2023 23:12:17

Run file:	C:\Users\kiran\Documents\projects\Stack_ded2023\main.exe
Directory:	C:\Users\kiran\Documents\projects\Stack_ded2023

--------------------------------------------------

--------------------------------------------------
TXLib соболезнует...

Программа: C:\Users\kiran\Documents\projects\Stack_ded2023\main.exe,

ВНЕЗАПНО: signal (22, 0x00): SIGABRT: Аварийное завершение программы, вызвана функция abort(). 

С помощью функции signal() вы можете сами обработать эту ошибку.

#1: TXLib [Ver: 00173a, Rev: 172, Date: 2023-08-12 11:12:24 +0400], Instance: 0x005062FC (32-bit), Flags: Cmdre0, Thread: 0x5D1C (Main). 

--------------------------------------------------
Стек вызовов:

# 0 0x004112F4 in C:\Users\kiran\Documents\projects\Stack_ded2023\main.exe: _txOnSignal() at c:/program files/codeblocks/mingw/include/txlib.h (11006)
# 1 0x75EA8553 in C:\Windows\System32\msvcrt.dll: raise()
# 2 0x75EACA3B in C:\Windows\System32\msvcrt.dll: abort()

# 3 0x0042C62A in C:\Users\kiran\Documents\projects\Stack_ded2023\main.exe: stack_check_status() at C:/Users/kiran/Documents/projects/Stack_ded2023/main.cpp (235):

    233:     stack_dtor(stk);
    234: 
=>  235:     abort();
    236: }
    237: 

# 4 0x0042C4C9 in C:\Users\kiran\Documents\projects\Stack_ded2023\main.exe: stack_verif() at C:/Users/kiran/Documents/projects/Stack_ded2023/main.cpp (210):

    208: 
    209:     if (stk->status != 0)
=>  210:         stack_check_status(stk, name, line, file, func);
    211: 
    212:     return OK;

# 5 0x0042C31E in C:\Users\kiran\Documents\projects\Stack_ded2023\main.exe: pop() at C:/Users/kiran/Documents/projects/Stack_ded2023/main.cpp (183):

    181:         stk->status |= IMPOSSIBLE_ACTION;
    182: 
=>  183:     STACK_VERIF(stk);
    184: 
    185:     *rtrn_value = stk->data[stk->cur_size-1];

# 6 0x0042BE53 in C:\Users\kiran\Documents\projects\Stack_ded2023\main.exe: main() at C:/Users/kiran/Documents/projects/Stack_ded2023/main.cpp (76):

     74: 
     75:     pop(&stk, &val);
=>   76:     pop(&stk, &val);
     77:     //pop(&stk, &val);
     78: 

--------------------------------------------------
Developed with:

The Dumb Artist Library (TX Library)
TXLib [Ver: 00173a, Rev: 172, Date: 2023-08-12 11:12:24 +0400]
Copyright (C) Ded (Ilya Dedinsky, http://txlib.ru) <mail@txlib.ru>
See license on: http://txlib.ru

TXLib file:	c:\program files\codeblocks\mingw\include\txlib.h
Compiled:	Sep 30 2023 23:12:56, GNU g++ 4.8.1, std=201103L, MinGW Runtime 3.20, 32-bit, DEBUG
Started:	Sep 30 2023 23:13:05

Run file:	C:\Users\kiran\Documents\projects\Stack_ded2023\main.exe
Directory:	C:\Users\kiran\Documents\projects\Stack_ded2023

--------------------------------------------------

--------------------------------------------------
TXLib соболезнует...

Программа: C:\Users\kiran\Documents\projects\Stack_ded2023\main.exe,

ВНЕЗАПНО: signal (22, 0x00): SIGABRT: Аварийное завершение программы, вызвана функция abort(). 

С помощью функции signal() вы можете сами обработать эту ошибку.

#1: TXLib [Ver: 00173a, Rev: 172, Date: 2023-08-12 11:12:24 +0400], Instance: 0x005062FC (32-bit), Flags: Cmdre0, Thread: 0x5858 (Main). 

--------------------------------------------------
Стек вызовов:

# 0 0x004112F4 in C:\Users\kiran\Documents\projects\Stack_ded2023\main.exe: _txOnSignal() at c:/program files/codeblocks/mingw/include/txlib.h (11006)
# 1 0x75EA8553 in C:\Windows\System32\msvcrt.dll: raise()
# 2 0x75EACA3B in C:\Windows\System32\msvcrt.dll: abort()

# 3 0x0042C633 in C:\Users\kiran\Documents\projects\Stack_ded2023\main.exe: stack_check_status() at C:/Users/kiran/Documents/projects/Stack_ded2023/main.cpp (234):

    232: 
    233:     printf("Bye!\n");
=>  234:     abort();
    235: }
    236: 

# 4 0x0042C4C6 in C:\Users\kiran\Documents\projects\Stack_ded2023\main.exe: stack_verif() at C:/Users/kiran/Documents/projects/Stack_ded2023/main.cpp (208):

    206: 
    207:     if (stk->status != 0)
=>  208:         stack_check_status(stk, name, line, file, func);
    209: 
    210:     return OK;

# 5 0x0042C312 in C:\Users\kiran\Documents\projects\Stack_ded2023\main.exe: pop() at C:/Users/kiran/Documents/projects/Stack_ded2023/main.cpp (181):

    179:         stk->status |= IMPOSSIBLE_ACTION;
    180: 
=>  181:     STACK_VERIF(stk);
    182: 
    183:     *rtrn_value = stk->data[stk->cur_size-1];

# 6 0x0042BE53 in C:\Users\kiran\Documents\projects\Stack_ded2023\main.exe: main() at C:/Users/kiran/Documents/projects/Stack_ded2023/main.cpp (76):

     74: 
     75:     pop(&stk, &val);
=>   76:     pop(&stk, &val);
     77: 
     78:     stack_dtor(&stk);

--------------------------------------------------
Developed with:

The Dumb Artist Library (TX Library)
TXLib [Ver: 00173a, Rev: 172, Date: 2023-08-12 11:12:24 +0400]
Copyright (C) Ded (Ilya Dedinsky, http://txlib.ru) <mail@txlib.ru>
See license on: http://txlib.ru

TXLib file:	c:\program files\codeblocks\mingw\include\txlib.h
Compiled:	Sep 30 2023 23:16:23, GNU g++ 4.8.1, std=201103L, MinGW Runtime 3.20, 32-bit, DEBUG
Started:	Sep 30 2023 23:16:33

Run file:	C:\Users\kiran\Documents\projects\Stack_ded2023\main.exe
Directory:	C:\Users\kiran\Documents\projects\Stack_ded2023

--------------------------------------------------

--------------------------------------------------
TXLib соболезнует...

Программа: C:\Users\kiran\Documents\projects\Stack_ded2023\main.exe,

ВНЕЗАПНО: signal (22, 0x00): SIGABRT: Аварийное завершение программы, вызвана функция abort(). 

С помощью функции signal() вы можете сами обработать эту ошибку.

#1: TXLib [Ver: 00173a, Rev: 172, Date: 2023-08-12 11:12:24 +0400], Instance: 0x005062FC (32-bit), Flags: Cmdre0, Thread: 0x56D4 (Main). 

--------------------------------------------------
Стек вызовов:

# 0 0x004112F4 in C:\Users\kiran\Documents\projects\Stack_ded2023\main.exe: _txOnSignal() at c:/program files/codeblocks/mingw/include/txlib.h (11006)
# 1 0x75EA8553 in C:\Windows\System32\msvcrt.dll: raise()
# 2 0x75EACA3B in C:\Windows\System32\msvcrt.dll: abort()

# 3 0x0042C651 in C:\Users\kiran\Documents\projects\Stack_ded2023\main.exe: stack_check_status() at C:/Users/kiran/Documents/projects/Stack_ded2023/main.cpp (240):

    238: 
    239:     printf("Bye!\n");
=>  240:     abort();
    241: }
    242: 

# 4 0x0042C4E4 in C:\Users\kiran\Documents\projects\Stack_ded2023\main.exe: stack_verif() at C:/Users/kiran/Documents/projects/Stack_ded2023/main.cpp (214):

    212: 
    213:     if (stk->status != 0)
=>  214:         stack_check_status(stk, name, line, file, func);
    215: 
    216:     return OK;

# 5 0x0042C330 in C:\Users\kiran\Documents\projects\Stack_ded2023\main.exe: pop() at C:/Users/kiran/Documents/projects/Stack_ded2023/main.cpp (187):

    185:         stk->status |= IMPOSSIBLE_ACTION;
    186: 
=>  187:     STACK_VERIF(stk);
    188: 
    189:     *rtrn_value = stk->data[stk->cur_size-1];

# 6 0x0042BE53 in C:\Users\kiran\Documents\projects\Stack_ded2023\main.exe: main() at C:/Users/kiran/Documents/projects/Stack_ded2023/main.cpp (76):

     74: 
     75:     pop(&stk, &val);
=>   76:     pop(&stk, &val);
     77: 
     78:     stack_dtor(&stk);

--------------------------------------------------
Developed with:

The Dumb Artist Library (TX Library)
TXLib [Ver: 00173a, Rev: 172, Date: 2023-08-12 11:12:24 +0400]
Copyright (C) Ded (Ilya Dedinsky, http://txlib.ru) <mail@txlib.ru>
See license on: http://txlib.ru

TXLib file:	c:\program files\codeblocks\mingw\include\txlib.h
Compiled:	Sep 30 2023 23:18:59, GNU g++ 4.8.1, std=201103L, MinGW Runtime 3.20, 32-bit, DEBUG
Started:	Sep 30 2023 23:19:08

Run file:	C:\Users\kiran\Documents\projects\Stack_ded2023\main.exe
Directory:	C:\Users\kiran\Documents\projects\Stack_ded2023

--------------------------------------------------

--------------------------------------------------
TXLib соболезнует...

Программа: C:\Users\kiran\Documents\projects\Stack_ded2023\main.exe,

ВНЕЗАПНО: signal (22, 0x00): SIGABRT: Аварийное завершение программы, вызвана функция abort(). 

С помощью функции signal() вы можете сами обработать эту ошибку.

#1: TXLib [Ver: 00173a, Rev: 172, Date: 2023-08-12 11:12:24 +0400], Instance: 0x005062FC (32-bit), Flags: Cmdre0, Thread: 0x4404 (Main). 

--------------------------------------------------
Стек вызовов:

# 0 0x004112F4 in C:\Users\kiran\Documents\projects\Stack_ded2023\main.exe: _txOnSignal() at c:/program files/codeblocks/mingw/include/txlib.h (11006)
# 1 0x75EA8553 in C:\Windows\System32\msvcrt.dll: raise()
# 2 0x75EACA3B in C:\Windows\System32\msvcrt.dll: abort()

# 3 0x0042C658 in C:\Users\kiran\Documents\projects\Stack_ded2023\main.exe: stack_check_status() at C:/Users/kiran/Documents/projects/Stack_ded2023/main.cpp (240):

    238: 
    239:     printf("Bye!\n");
=>  240:     abort();
    241: }
    242: 

# 4 0x0042C4EB in C:\Users\kiran\Documents\projects\Stack_ded2023\main.exe: stack_verif() at C:/Users/kiran/Documents/projects/Stack_ded2023/main.cpp (214):

    212: 
    213:     if (stk->status != 0)
=>  214:         stack_check_status(stk, name, line, file, func);
    215: 
    216:     return OK;

# 5 0x0042C337 in C:\Users\kiran\Documents\projects\Stack_ded2023\main.exe: pop() at C:/Users/kiran/Documents/projects/Stack_ded2023/main.cpp (187):

    185:         stk->status |= IMPOSSIBLE_ACTION;
    186: 
=>  187:     STACK_VERIF(stk);
    188: 
    189:     *rtrn_value = stk->data[stk->cur_size-1];

# 6 0x0042BE53 in C:\Users\kiran\Documents\projects\Stack_ded2023\main.exe: main() at C:/Users/kiran/Documents/projects/Stack_ded2023/main.cpp (76):

     74: 
     75:     pop(&stk, &val);
=>   76:     pop(&stk, &val);
     77: 
     78:     stack_dtor(&stk);

--------------------------------------------------
Developed with:

The Dumb Artist Library (TX Library)
TXLib [Ver: 00173a, Rev: 172, Date: 2023-08-12 11:12:24 +0400]
Copyright (C) Ded (Ilya Dedinsky, http://txlib.ru) <mail@txlib.ru>
See license on: http://txlib.ru

TXLib file:	c:\program files\codeblocks\mingw\include\txlib.h
Compiled:	Sep 30 2023 23:19:55, GNU g++ 4.8.1, std=201103L, MinGW Runtime 3.20, 32-bit, DEBUG
Started:	Sep 30 2023 23:20:04

Run file:	C:\Users\kiran\Documents\projects\Stack_ded2023\main.exe
Directory:	C:\Users\kiran\Documents\projects\Stack_ded2023

--------------------------------------------------

--------------------------------------------------
TXLib соболезнует...

Программа: C:\Users\kiran\Documents\projects\Stack_ded2023\main.exe,

ВНЕЗАПНО: signal (22, 0x00): SIGABRT: Аварийное завершение программы, вызвана функция abort(). 

С помощью функции signal() вы можете сами обработать эту ошибку.

#1: TXLib [Ver: 00173a, Rev: 172, Date: 2023-08-12 11:12:24 +0400], Instance: 0x005062FC (32-bit), Flags: Cmdre0, Thread: 0x38D8 (Main). 

--------------------------------------------------
Стек вызовов:

# 0 0x004112F4 in C:\Users\kiran\Documents\projects\Stack_ded2023\main.exe: _txOnSignal() at c:/program files/codeblocks/mingw/include/txlib.h (11006)
# 1 0x75EA8553 in C:\Windows\System32\msvcrt.dll: raise()
# 2 0x75EACA3B in C:\Windows\System32\msvcrt.dll: abort()

# 3 0x0042C670 in C:\Users\kiran\Documents\projects\Stack_ded2023\main.exe: stack_check_status() at C:/Users/kiran/Documents/projects/Stack_ded2023/main.cpp (244):

    242: 
    243:     printf("Bye!\n");
=>  244:     abort();
    245: }
    246: 

# 4 0x0042C503 in C:\Users\kiran\Documents\projects\Stack_ded2023\main.exe: stack_verif() at C:/Users/kiran/Documents/projects/Stack_ded2023/main.cpp (218):

    216: 
    217:     if (stk->status != 0)
=>  218:         stack_check_status(stk, name, line, file, func);
    219: 
    220:     return OK;

# 5 0x0042C34F in C:\Users\kiran\Documents\projects\Stack_ded2023\main.exe: pop() at C:/Users/kiran/Documents/projects/Stack_ded2023/main.cpp (191):

    189:         stk->status |= IMPOSSIBLE_ACTION;
    190: 
=>  191:     STACK_VERIF(stk);
    192: 
    193:     *rtrn_value = stk->data[stk->cur_size-1];

# 6 0x0042BE53 in C:\Users\kiran\Documents\projects\Stack_ded2023\main.exe: main() at C:/Users/kiran/Documents/projects/Stack_ded2023/main.cpp (76):

     74: 
     75:     pop(&stk, &val);
=>   76:     pop(&stk, &val);
     77: 
     78:     stack_dtor(&stk);

--------------------------------------------------
Developed with:

The Dumb Artist Library (TX Library)
TXLib [Ver: 00173a, Rev: 172, Date: 2023-08-12 11:12:24 +0400]
Copyright (C) Ded (Ilya Dedinsky, http://txlib.ru) <mail@txlib.ru>
See license on: http://txlib.ru

TXLib file:	c:\program files\codeblocks\mingw\include\txlib.h
Compiled:	Sep 30 2023 23:21:41, GNU g++ 4.8.1, std=201103L, MinGW Runtime 3.20, 32-bit, DEBUG
Started:	Sep 30 2023 23:21:51

Run file:	C:\Users\kiran\Documents\projects\Stack_ded2023\main.exe
Directory:	C:\Users\kiran\Documents\projects\Stack_ded2023

--------------------------------------------------

--------------------------------------------------
TXLib соболезнует...

Программа: C:\Users\kiran\Documents\projects\Stack_ded2023\main.exe,

ВНЕЗАПНО: signal (22, 0x00): SIGABRT: Аварийное завершение программы, вызвана функция abort(). 

С помощью функции signal() вы можете сами обработать эту ошибку.

#1: TXLib [Ver: 00173a, Rev: 172, Date: 2023-08-12 11:12:24 +0400], Instance: 0x005062FC (32-bit), Flags: Cmdre0, Thread: 0x2EF4 (Main). 

--------------------------------------------------
Стек вызовов:

# 0 0x004112F4 in C:\Users\kiran\Documents\projects\Stack_ded2023\main.exe: _txOnSignal() at c:/program files/codeblocks/mingw/include/txlib.h (11006)
# 1 0x75EA8553 in C:\Windows\System32\msvcrt.dll: raise()
# 2 0x75EACA3B in C:\Windows\System32\msvcrt.dll: abort()

# 3 0x0042C67C in C:\Users\kiran\Documents\projects\Stack_ded2023\main.exe: stack_check_status() at C:/Users/kiran/Documents/projects/Stack_ded2023/main.cpp (247):

    245: 
    246:     printf("Bye!\n");
=>  247:     abort();
    248: }
    249: 

# 4 0x0042C50F in C:\Users\kiran\Documents\projects\Stack_ded2023\main.exe: stack_verif() at C:/Users/kiran/Documents/projects/Stack_ded2023/main.cpp (219):

    217:     {
    218:         printf("stack_verif FAILED!\n");
=>  219:         stack_check_status(stk, name, line, file, func);
    220:     }
    221: 

# 5 0x0042C34F in C:\Users\kiran\Documents\projects\Stack_ded2023\main.exe: pop() at C:/Users/kiran/Documents/projects/Stack_ded2023/main.cpp (190):

    188:         stk->status |= IMPOSSIBLE_ACTION;
    189: 
=>  190:     STACK_VERIF(stk);
    191: 
    192:     *rtrn_value = stk->data[stk->cur_size-1];

# 6 0x0042BE53 in C:\Users\kiran\Documents\projects\Stack_ded2023\main.exe: main() at C:/Users/kiran/Documents/projects/Stack_ded2023/main.cpp (75):

     73: 
     74:     pop(&stk, &val);
=>   75:     pop(&stk, &val);
     76: 
     77:     stack_dtor(&stk);

--------------------------------------------------
Developed with:

The Dumb Artist Library (TX Library)
TXLib [Ver: 00173a, Rev: 172, Date: 2023-08-12 11:12:24 +0400]
Copyright (C) Ded (Ilya Dedinsky, http://txlib.ru) <mail@txlib.ru>
See license on: http://txlib.ru

TXLib file:	c:\program files\codeblocks\mingw\include\txlib.h
Compiled:	Sep 30 2023 23:24:31, GNU g++ 4.8.1, std=201103L, MinGW Runtime 3.20, 32-bit, DEBUG
Started:	Sep 30 2023 23:24:41

Run file:	C:\Users\kiran\Documents\projects\Stack_ded2023\main.exe
Directory:	C:\Users\kiran\Documents\projects\Stack_ded2023

--------------------------------------------------

--------------------------------------------------
TXLib соболезнует...

Программа: C:\Users\kiran\Documents\projects\Stack_ded2023\main.exe,

ВНЕЗАПНО: signal (22, 0x00): SIGABRT: Аварийное завершение программы, вызвана функция abort(). 

С помощью функции signal() вы можете сами обработать эту ошибку.

#1: TXLib [Ver: 00173a, Rev: 172, Date: 2023-08-12 11:12:24 +0400], Instance: 0x005062FC (32-bit), Flags: Cmdre0, Thread: 0x3A9C (Main). 

--------------------------------------------------
Стек вызовов:

# 0 0x004112F4 in C:\Users\kiran\Documents\projects\Stack_ded2023\main.exe: _txOnSignal() at c:/program files/codeblocks/mingw/include/txlib.h (11006)
# 1 0x75EA8553 in C:\Windows\System32\msvcrt.dll: raise()
# 2 0x75EACA3B in C:\Windows\System32\msvcrt.dll: abort()

# 3 0x0042C670 in C:\Users\kiran\Documents\projects\Stack_ded2023\main.exe: stack_check_status() at C:/Users/kiran/Documents/projects/Stack_ded2023/main.cpp (242):

    240: 
    241:     printf("Bye!\n");
=>  242:     abort();
    243: }
    244: 

# 4 0x0042C503 in C:\Users\kiran\Documents\projects\Stack_ded2023\main.exe: stack_verif() at C:/Users/kiran/Documents/projects/Stack_ded2023/main.cpp (216):

    214: 
    215:     if (stk->status != 0)
=>  216:         stack_check_status(stk, name, line, file, func);
    217: 
    218:     return OK;

# 5 0x0042C34F in C:\Users\kiran\Documents\projects\Stack_ded2023\main.exe: pop() at C:/Users/kiran/Documents/projects/Stack_ded2023/main.cpp (189):

    187:         stk->status |= IMPOSSIBLE_ACTION;
    188: 
=>  189:     STACK_VERIF(stk);
    190: 
    191:     *rtrn_value = stk->data[stk->cur_size-1];

# 6 0x0042BE53 in C:\Users\kiran\Documents\projects\Stack_ded2023\main.exe: main() at C:/Users/kiran/Documents/projects/Stack_ded2023/main.cpp (75):

     73: 
     74:     pop(&stk, &val);
=>   75:     pop(&stk, &val);
     76: 
     77:     stack_dtor(&stk);

--------------------------------------------------
Developed with:

The Dumb Artist Library (TX Library)
TXLib [Ver: 00173a, Rev: 172, Date: 2023-08-12 11:12:24 +0400]
Copyright (C) Ded (Ilya Dedinsky, http://txlib.ru) <mail@txlib.ru>
See license on: http://txlib.ru

TXLib file:	c:\program files\codeblocks\mingw\include\txlib.h
Compiled:	Sep 30 2023 23:26:15, GNU g++ 4.8.1, std=201103L, MinGW Runtime 3.20, 32-bit, DEBUG
Started:	Sep 30 2023 23:26:25

Run file:	C:\Users\kiran\Documents\projects\Stack_ded2023\main.exe
Directory:	C:\Users\kiran\Documents\projects\Stack_ded2023

--------------------------------------------------
